{"/Users/nedu/Desktop/F/Development/Javascript/escape/src/Pages/dashboard/Dashboard.jsx": {"path":"/Users/nedu/Desktop/F/Development/Javascript/escape/src/Pages/dashboard/Dashboard.jsx","statementMap":{"0":{"start":{"line":12,"column":18},"end":{"line":62,"column":null}},"1":{"start":{"line":13,"column":19},"end":{"line":13,"column":null}},"2":{"start":{"line":14,"column":59},"end":{"line":16,"column":null}},"3":{"start":{"line":15,"column":15},"end":{"line":15,"column":null}},"4":{"start":{"line":18,"column":2},"end":{"line":23,"column":null}},"5":{"start":{"line":20,"column":4},"end":{"line":20,"column":null}},"6":{"start":{"line":21,"column":4},"end":{"line":21,"column":null}},"7":{"start":{"line":22,"column":4},"end":{"line":22,"column":null}},"8":{"start":{"line":25,"column":2},"end":{"line":60,"column":null}}},"fnMap":{"0":{"name":"(anonymous_0)","decl":{"start":{"line":12,"column":18},"end":{"line":12,"column":24}},"loc":{"start":{"line":12,"column":24},"end":{"line":62,"column":null}}},"1":{"name":"(anonymous_1)","decl":{"start":{"line":15,"column":4},"end":{"line":15,"column":5}},"loc":{"start":{"line":15,"column":15},"end":{"line":15,"column":null}}},"2":{"name":"(anonymous_2)","decl":{"start":{"line":18,"column":12},"end":{"line":18,"column":18}},"loc":{"start":{"line":18,"column":18},"end":{"line":23,"column":5}}}},"branchMap":{},"s":{"0":1,"1":4,"2":3,"3":15,"4":3,"5":3,"6":3,"7":3,"8":3},"f":{"0":4,"1":15,"2":3},"b":{}}
,"/Users/nedu/Desktop/F/Development/Javascript/escape/src/Pages/landing/Landing.jsx": {"path":"/Users/nedu/Desktop/F/Development/Javascript/escape/src/Pages/landing/Landing.jsx","statementMap":{"0":{"start":{"line":7,"column":16},"end":{"line":34,"column":null}},"1":{"start":{"line":8,"column":19},"end":{"line":8,"column":null}},"2":{"start":{"line":10,"column":26},"end":{"line":12,"column":null}},"3":{"start":{"line":11,"column":4},"end":{"line":11,"column":null}},"4":{"start":{"line":14,"column":2},"end":{"line":32,"column":null}}},"fnMap":{"0":{"name":"(anonymous_0)","decl":{"start":{"line":7,"column":16},"end":{"line":7,"column":22}},"loc":{"start":{"line":7,"column":22},"end":{"line":34,"column":null}}},"1":{"name":"(anonymous_1)","decl":{"start":{"line":10,"column":26},"end":{"line":10,"column":32}},"loc":{"start":{"line":10,"column":32},"end":{"line":12,"column":null}}}},"branchMap":{},"s":{"0":1,"1":3,"2":3,"3":0,"4":3},"f":{"0":3,"1":0},"b":{}}
,"/Users/nedu/Desktop/F/Development/Javascript/escape/src/api/api.js": {"path":"/Users/nedu/Desktop/F/Development/Javascript/escape/src/api/api.js","statementMap":{"0":{"start":{"line":5,"column":20},"end":{"line":8,"column":1}},"1":{"start":{"line":11,"column":22},"end":{"line":11,"column":47}},"2":{"start":{"line":14,"column":12},"end":{"line":22,"column":1}},"3":{"start":{"line":15,"column":2},"end":{"line":21,"column":4}},"4":{"start":{"line":16,"column":31},"end":{"line":16,"column":53}},"5":{"start":{"line":17,"column":34},"end":{"line":17,"column":59}},"6":{"start":{"line":18,"column":38},"end":{"line":18,"column":67}},"7":{"start":{"line":19,"column":39},"end":{"line":19,"column":69}},"8":{"start":{"line":20,"column":37},"end":{"line":20,"column":65}}},"fnMap":{"0":{"name":"(anonymous_0)","decl":{"start":{"line":14,"column":12},"end":{"line":14,"column":13}},"loc":{"start":{"line":14,"column":23},"end":{"line":22,"column":1}}},"1":{"name":"(anonymous_1)","decl":{"start":{"line":16,"column":9},"end":{"line":16,"column":10}},"loc":{"start":{"line":16,"column":31},"end":{"line":16,"column":53}}},"2":{"name":"(anonymous_2)","decl":{"start":{"line":17,"column":12},"end":{"line":17,"column":13}},"loc":{"start":{"line":17,"column":34},"end":{"line":17,"column":59}}},"3":{"name":"(anonymous_3)","decl":{"start":{"line":18,"column":10},"end":{"line":18,"column":11}},"loc":{"start":{"line":18,"column":38},"end":{"line":18,"column":67}}},"4":{"name":"(anonymous_4)","decl":{"start":{"line":19,"column":11},"end":{"line":19,"column":12}},"loc":{"start":{"line":19,"column":39},"end":{"line":19,"column":69}}},"5":{"name":"(anonymous_5)","decl":{"start":{"line":20,"column":9},"end":{"line":20,"column":10}},"loc":{"start":{"line":20,"column":37},"end":{"line":20,"column":65}}}},"branchMap":{"0":{"loc":{"start":{"line":16,"column":15},"end":{"line":16,"column":26}},"type":"default-arg","locations":[{"start":{"line":16,"column":24},"end":{"line":16,"column":26}}]},"1":{"loc":{"start":{"line":17,"column":18},"end":{"line":17,"column":29}},"type":"default-arg","locations":[{"start":{"line":17,"column":27},"end":{"line":17,"column":29}}]},"2":{"loc":{"start":{"line":18,"column":22},"end":{"line":18,"column":33}},"type":"default-arg","locations":[{"start":{"line":18,"column":31},"end":{"line":18,"column":33}}]},"3":{"loc":{"start":{"line":19,"column":23},"end":{"line":19,"column":34}},"type":"default-arg","locations":[{"start":{"line":19,"column":32},"end":{"line":19,"column":34}}]},"4":{"loc":{"start":{"line":20,"column":21},"end":{"line":20,"column":32}},"type":"default-arg","locations":[{"start":{"line":20,"column":30},"end":{"line":20,"column":32}}]}},"s":{"0":1,"1":1,"2":1,"3":1,"4":9,"5":0,"6":0,"7":0,"8":0},"f":{"0":1,"1":9,"2":0,"3":0,"4":0,"5":0},"b":{"0":[9],"1":[0],"2":[0],"3":[0],"4":[0]}}
,"/Users/nedu/Desktop/F/Development/Javascript/escape/src/components/Header.jsx": {"path":"/Users/nedu/Desktop/F/Development/Javascript/escape/src/components/Header.jsx","statementMap":{"0":{"start":{"line":8,"column":15},"end":{"line":86,"column":null}},"1":{"start":{"line":10,"column":44},"end":{"line":10,"column":null}},"2":{"start":{"line":13,"column":24},"end":{"line":15,"column":null}},"3":{"start":{"line":14,"column":4},"end":{"line":14,"column":null}},"4":{"start":{"line":18,"column":15},"end":{"line":18,"column":null}},"5":{"start":{"line":19,"column":19},"end":{"line":19,"column":null}},"6":{"start":{"line":21,"column":2},"end":{"line":84,"column":null}},"7":{"start":{"line":89,"column":0},"end":{"line":91,"column":null}}},"fnMap":{"0":{"name":"(anonymous_0)","decl":{"start":{"line":8,"column":15},"end":{"line":8,"column":21}},"loc":{"start":{"line":8,"column":21},"end":{"line":86,"column":null}}},"1":{"name":"(anonymous_1)","decl":{"start":{"line":13,"column":24},"end":{"line":13,"column":30}},"loc":{"start":{"line":13,"column":30},"end":{"line":15,"column":null}}}},"branchMap":{"0":{"loc":{"start":{"line":39,"column":9},"end":{"line":51,"column":null}},"type":"binary-expr","locations":[{"start":{"line":39,"column":9},"end":{"line":39,"column":null}},{"start":{"line":40,"column":10},"end":{"line":51,"column":null}}]},"1":{"loc":{"start":{"line":68,"column":13},"end":{"line":79,"column":null}},"type":"cond-expr","locations":[{"start":{"line":69,"column":14},"end":{"line":73,"column":null}},{"start":{"line":75,"column":14},"end":{"line":79,"column":null}}]},"2":{"loc":{"start":{"line":68,"column":13},"end":{"line":68,"column":null}},"type":"binary-expr","locations":[{"start":{"line":68,"column":13},"end":{"line":68,"column":25}},{"start":{"line":68,"column":25},"end":{"line":68,"column":null}}]},"3":{"loc":{"start":{"line":70,"column":21},"end":{"line":70,"column":null}},"type":"binary-expr","locations":[{"start":{"line":70,"column":21},"end":{"line":70,"column":33}},{"start":{"line":70,"column":33},"end":{"line":70,"column":null}}]}},"s":{"0":4,"1":6,"2":6,"3":0,"4":6,"5":6,"6":6,"7":4},"f":{"0":6,"1":0},"b":{"0":[6,0],"1":[0,6],"2":[6,6],"3":[0,0]}}
,"/Users/nedu/Desktop/F/Development/Javascript/escape/src/components/Modal.jsx": {"path":"/Users/nedu/Desktop/F/Development/Javascript/escape/src/components/Modal.jsx","statementMap":{"0":{"start":{"line":6,"column":14},"end":{"line":57,"column":null}},"1":{"start":{"line":7,"column":2},"end":{"line":55,"column":null}},"2":{"start":{"line":60,"column":0},"end":{"line":64,"column":null}}},"fnMap":{"0":{"name":"(anonymous_0)","decl":{"start":{"line":6,"column":14},"end":{"line":6,"column":15}},"loc":{"start":{"line":6,"column":50},"end":{"line":57,"column":null}}}},"branchMap":{},"s":{"0":4,"1":5,"2":4},"f":{"0":5},"b":{}}
,"/Users/nedu/Desktop/F/Development/Javascript/escape/src/components/Siderbar.jsx": {"path":"/Users/nedu/Desktop/F/Development/Javascript/escape/src/components/Siderbar.jsx","statementMap":{"0":{"start":{"line":7,"column":16},"end":{"line":57,"column":null}},"1":{"start":{"line":9,"column":19},"end":{"line":9,"column":null}},"2":{"start":{"line":12,"column":26},"end":{"line":15,"column":null}},"3":{"start":{"line":13,"column":4},"end":{"line":13,"column":null}},"4":{"start":{"line":14,"column":4},"end":{"line":14,"column":null}},"5":{"start":{"line":17,"column":15},"end":{"line":17,"column":null}},"6":{"start":{"line":18,"column":19},"end":{"line":18,"column":null}},"7":{"start":{"line":20,"column":2},"end":{"line":55,"column":null}},"8":{"start":{"line":60,"column":0},"end":{"line":63,"column":null}}},"fnMap":{"0":{"name":"(anonymous_0)","decl":{"start":{"line":7,"column":16},"end":{"line":7,"column":17}},"loc":{"start":{"line":7,"column":33},"end":{"line":57,"column":null}}},"1":{"name":"(anonymous_1)","decl":{"start":{"line":12,"column":26},"end":{"line":12,"column":32}},"loc":{"start":{"line":12,"column":32},"end":{"line":15,"column":null}}}},"branchMap":{"0":{"loc":{"start":{"line":26,"column":15},"end":{"line":37,"column":null}},"type":"cond-expr","locations":[{"start":{"line":27,"column":16},"end":{"line":31,"column":null}},{"start":{"line":33,"column":16},"end":{"line":37,"column":null}}]}},"s":{"0":5,"1":4,"2":4,"3":0,"4":0,"5":4,"6":4,"7":4,"8":5},"f":{"0":4,"1":0},"b":{"0":[0,4]}}
,"/Users/nedu/Desktop/F/Development/Javascript/escape/src/components/TableComp.jsx": {"path":"/Users/nedu/Desktop/F/Development/Javascript/escape/src/components/TableComp.jsx","statementMap":{"0":{"start":{"line":17,"column":18},"end":{"line":131,"column":null}},"1":{"start":{"line":29,"column":19},"end":{"line":29,"column":null}},"2":{"start":{"line":30,"column":19},"end":{"line":30,"column":null}},"3":{"start":{"line":33,"column":21},"end":{"line":35,"column":null}},"4":{"start":{"line":34,"column":4},"end":{"line":34,"column":null}},"5":{"start":{"line":37,"column":2},"end":{"line":129,"column":null}},"6":{"start":{"line":85,"column":14},"end":{"line":117,"column":null}},"7":{"start":{"line":134,"column":0},"end":{"line":151,"column":null}}},"fnMap":{"0":{"name":"(anonymous_0)","decl":{"start":{"line":17,"column":18},"end":{"line":17,"column":19}},"loc":{"start":{"line":28,"column":6},"end":{"line":131,"column":null}}},"1":{"name":"(anonymous_1)","decl":{"start":{"line":33,"column":21},"end":{"line":33,"column":27}},"loc":{"start":{"line":33,"column":27},"end":{"line":35,"column":null}}},"2":{"name":"(anonymous_2)","decl":{"start":{"line":84,"column":23},"end":{"line":84,"column":24}},"loc":{"start":{"line":85,"column":14},"end":{"line":117,"column":null}}}},"branchMap":{"0":{"loc":{"start":{"line":51,"column":7},"end":{"line":55,"column":null}},"type":"binary-expr","locations":[{"start":{"line":51,"column":7},"end":{"line":51,"column":null}},{"start":{"line":52,"column":8},"end":{"line":55,"column":null}}]},"1":{"loc":{"start":{"line":58,"column":7},"end":{"line":68,"column":null}},"type":"binary-expr","locations":[{"start":{"line":58,"column":7},"end":{"line":58,"column":null}},{"start":{"line":59,"column":8},"end":{"line":68,"column":null}}]},"2":{"loc":{"start":{"line":73,"column":11},"end":{"line":81,"column":null}},"type":"cond-expr","locations":[{"start":{"line":74,"column":12},"end":{"line":80,"column":null}},{"start":{"line":81,"column":14},"end":{"line":81,"column":null}}]},"3":{"loc":{"start":{"line":73,"column":11},"end":{"line":73,"column":null}},"type":"binary-expr","locations":[{"start":{"line":73,"column":11},"end":{"line":73,"column":23}},{"start":{"line":73,"column":23},"end":{"line":73,"column":null}}]},"4":{"loc":{"start":{"line":89,"column":23},"end":{"line":101,"column":null}},"type":"cond-expr","locations":[{"start":{"line":90,"column":24},"end":{"line":94,"column":null}},{"start":{"line":96,"column":24},"end":{"line":101,"column":null}}]},"5":{"loc":{"start":{"line":89,"column":23},"end":{"line":89,"column":null}},"type":"binary-expr","locations":[{"start":{"line":89,"column":23},"end":{"line":89,"column":35}},{"start":{"line":89,"column":35},"end":{"line":89,"column":null}}]}},"s":{"0":4,"1":8,"2":8,"3":8,"4":0,"5":8,"6":0,"7":4},"f":{"0":8,"1":0,"2":0},"b":{"0":[8,0],"1":[8,0],"2":[8,0],"3":[8,8],"4":[0,0],"5":[0,0]}}
,"/Users/nedu/Desktop/F/Development/Javascript/escape/src/features/postSlice/postSlice.jsx": {"path":"/Users/nedu/Desktop/F/Development/Javascript/escape/src/features/postSlice/postSlice.jsx","statementMap":{"0":{"start":{"line":6,"column":21},"end":{"line":13,"column":null}},"1":{"start":{"line":16,"column":24},"end":{"line":23,"column":null}},"2":{"start":{"line":17,"column":2},"end":{"line":22,"column":null}},"3":{"start":{"line":18,"column":16},"end":{"line":18,"column":null}},"4":{"start":{"line":19,"column":4},"end":{"line":19,"column":null}},"5":{"start":{"line":21,"column":4},"end":{"line":21,"column":null}},"6":{"start":{"line":26,"column":24},"end":{"line":33,"column":null}},"7":{"start":{"line":27,"column":2},"end":{"line":32,"column":null}},"8":{"start":{"line":28,"column":16},"end":{"line":28,"column":null}},"9":{"start":{"line":29,"column":4},"end":{"line":29,"column":null}},"10":{"start":{"line":31,"column":4},"end":{"line":31,"column":null}},"11":{"start":{"line":36,"column":27},"end":{"line":43,"column":null}},"12":{"start":{"line":37,"column":2},"end":{"line":42,"column":null}},"13":{"start":{"line":38,"column":16},"end":{"line":38,"column":null}},"14":{"start":{"line":39,"column":4},"end":{"line":39,"column":null}},"15":{"start":{"line":41,"column":4},"end":{"line":41,"column":null}},"16":{"start":{"line":46,"column":18},"end":{"line":101,"column":null}},"17":{"start":{"line":51,"column":4},"end":{"line":99,"column":null}},"18":{"start":{"line":53,"column":8},"end":{"line":53,"column":null}},"19":{"start":{"line":54,"column":8},"end":{"line":54,"column":null}},"20":{"start":{"line":55,"column":8},"end":{"line":55,"column":null}},"21":{"start":{"line":58,"column":8},"end":{"line":58,"column":null}},"22":{"start":{"line":59,"column":8},"end":{"line":59,"column":null}},"23":{"start":{"line":60,"column":8},"end":{"line":60,"column":null}},"24":{"start":{"line":61,"column":8},"end":{"line":61,"column":null}},"25":{"start":{"line":64,"column":8},"end":{"line":64,"column":null}},"26":{"start":{"line":65,"column":8},"end":{"line":65,"column":null}},"27":{"start":{"line":66,"column":8},"end":{"line":66,"column":null}},"28":{"start":{"line":69,"column":8},"end":{"line":69,"column":null}},"29":{"start":{"line":70,"column":8},"end":{"line":70,"column":null}},"30":{"start":{"line":71,"column":8},"end":{"line":71,"column":null}},"31":{"start":{"line":74,"column":8},"end":{"line":74,"column":null}},"32":{"start":{"line":75,"column":8},"end":{"line":75,"column":null}},"33":{"start":{"line":76,"column":8},"end":{"line":76,"column":null}},"34":{"start":{"line":77,"column":8},"end":{"line":77,"column":null}},"35":{"start":{"line":80,"column":8},"end":{"line":80,"column":null}},"36":{"start":{"line":81,"column":8},"end":{"line":81,"column":null}},"37":{"start":{"line":82,"column":8},"end":{"line":82,"column":null}},"38":{"start":{"line":85,"column":8},"end":{"line":85,"column":null}},"39":{"start":{"line":86,"column":8},"end":{"line":86,"column":null}},"40":{"start":{"line":87,"column":8},"end":{"line":87,"column":null}},"41":{"start":{"line":90,"column":8},"end":{"line":90,"column":null}},"42":{"start":{"line":91,"column":8},"end":{"line":91,"column":null}},"43":{"start":{"line":92,"column":8},"end":{"line":92,"column":null}},"44":{"start":{"line":93,"column":8},"end":{"line":93,"column":null}},"45":{"start":{"line":96,"column":8},"end":{"line":96,"column":null}},"46":{"start":{"line":97,"column":8},"end":{"line":97,"column":null}},"47":{"start":{"line":98,"column":8},"end":{"line":98,"column":null}}},"fnMap":{"0":{"name":"(anonymous_0)","decl":{"start":{"line":16,"column":50},"end":{"line":16,"column":57}},"loc":{"start":{"line":16,"column":73},"end":{"line":23,"column":1}}},"1":{"name":"(anonymous_1)","decl":{"start":{"line":26,"column":50},"end":{"line":26,"column":57}},"loc":{"start":{"line":26,"column":73},"end":{"line":33,"column":1}}},"2":{"name":"(anonymous_2)","decl":{"start":{"line":36,"column":56},"end":{"line":36,"column":63}},"loc":{"start":{"line":36,"column":79},"end":{"line":43,"column":1}}},"3":{"name":"(anonymous_3)","decl":{"start":{"line":50,"column":17},"end":{"line":50,"column":18}},"loc":{"start":{"line":50,"column":30},"end":{"line":100,"column":null}}},"4":{"name":"(anonymous_4)","decl":{"start":{"line":52,"column":33},"end":{"line":52,"column":34}},"loc":{"start":{"line":52,"column":44},"end":{"line":56,"column":7}}},"5":{"name":"(anonymous_5)","decl":{"start":{"line":57,"column":35},"end":{"line":57,"column":36}},"loc":{"start":{"line":57,"column":59},"end":{"line":62,"column":7}}},"6":{"name":"(anonymous_6)","decl":{"start":{"line":63,"column":34},"end":{"line":63,"column":35}},"loc":{"start":{"line":63,"column":58},"end":{"line":67,"column":7}}},"7":{"name":"(anonymous_7)","decl":{"start":{"line":68,"column":33},"end":{"line":68,"column":34}},"loc":{"start":{"line":68,"column":44},"end":{"line":72,"column":7}}},"8":{"name":"(anonymous_8)","decl":{"start":{"line":73,"column":35},"end":{"line":73,"column":36}},"loc":{"start":{"line":73,"column":59},"end":{"line":78,"column":7}}},"9":{"name":"(anonymous_9)","decl":{"start":{"line":79,"column":34},"end":{"line":79,"column":35}},"loc":{"start":{"line":79,"column":58},"end":{"line":83,"column":7}}},"10":{"name":"(anonymous_10)","decl":{"start":{"line":84,"column":36},"end":{"line":84,"column":37}},"loc":{"start":{"line":84,"column":47},"end":{"line":88,"column":7}}},"11":{"name":"(anonymous_11)","decl":{"start":{"line":89,"column":38},"end":{"line":89,"column":39}},"loc":{"start":{"line":89,"column":62},"end":{"line":94,"column":7}}},"12":{"name":"(anonymous_12)","decl":{"start":{"line":95,"column":37},"end":{"line":95,"column":38}},"loc":{"start":{"line":95,"column":61},"end":{"line":99,"column":7}}}},"branchMap":{},"s":{"0":1,"1":1,"2":3,"3":3,"4":0,"5":0,"6":1,"7":3,"8":3,"9":0,"10":0,"11":1,"12":3,"13":3,"14":0,"15":0,"16":1,"17":1,"18":3,"19":3,"20":3,"21":0,"22":0,"23":0,"24":0,"25":0,"26":0,"27":0,"28":3,"29":3,"30":3,"31":0,"32":0,"33":0,"34":0,"35":0,"36":0,"37":0,"38":3,"39":3,"40":3,"41":0,"42":0,"43":0,"44":0,"45":0,"46":0,"47":0},"f":{"0":3,"1":3,"2":3,"3":1,"4":3,"5":0,"6":0,"7":3,"8":0,"9":0,"10":3,"11":0,"12":0},"b":{}}
,"/Users/nedu/Desktop/F/Development/Javascript/escape/src/layouts/DashboardLayout.jsx": {"path":"/Users/nedu/Desktop/F/Development/Javascript/escape/src/layouts/DashboardLayout.jsx","statementMap":{"0":{"start":{"line":8,"column":24},"end":{"line":49,"column":null}},"1":{"start":{"line":10,"column":44},"end":{"line":10,"column":null}},"2":{"start":{"line":13,"column":2},"end":{"line":26,"column":null}},"3":{"start":{"line":15,"column":25},"end":{"line":17,"column":null}},"4":{"start":{"line":16,"column":6},"end":{"line":16,"column":null}},"5":{"start":{"line":20,"column":4},"end":{"line":20,"column":null}},"6":{"start":{"line":23,"column":4},"end":{"line":25,"column":null}},"7":{"start":{"line":24,"column":6},"end":{"line":24,"column":null}},"8":{"start":{"line":29,"column":2},"end":{"line":47,"column":null}}},"fnMap":{"0":{"name":"(anonymous_0)","decl":{"start":{"line":8,"column":24},"end":{"line":8,"column":30}},"loc":{"start":{"line":8,"column":30},"end":{"line":49,"column":null}}},"1":{"name":"(anonymous_1)","decl":{"start":{"line":13,"column":12},"end":{"line":13,"column":18}},"loc":{"start":{"line":13,"column":18},"end":{"line":26,"column":5}}},"2":{"name":"(anonymous_2)","decl":{"start":{"line":15,"column":25},"end":{"line":15,"column":31}},"loc":{"start":{"line":15,"column":31},"end":{"line":17,"column":null}}},"3":{"name":"(anonymous_3)","decl":{"start":{"line":23,"column":11},"end":{"line":23,"column":17}},"loc":{"start":{"line":23,"column":17},"end":{"line":25,"column":null}}}},"branchMap":{"0":{"loc":{"start":{"line":34,"column":7},"end":{"line":38,"column":null}},"type":"binary-expr","locations":[{"start":{"line":34,"column":7},"end":{"line":34,"column":null}},{"start":{"line":35,"column":8},"end":{"line":38,"column":null}}]},"1":{"loc":{"start":{"line":42,"column":10},"end":{"line":42,"column":null}},"type":"cond-expr","locations":[{"start":{"line":42,"column":26},"end":{"line":42,"column":32}},{"start":{"line":42,"column":32},"end":{"line":42,"column":null}}]}},"s":{"0":1,"1":3,"2":2,"3":2,"4":0,"5":2,"6":2,"7":0,"8":2},"f":{"0":3,"1":2,"2":0,"3":0},"b":{"0":[2,2],"1":[0,2]}}
,"/Users/nedu/Desktop/F/Development/Javascript/escape/src/layouts/LandingLayout.jsx": {"path":"/Users/nedu/Desktop/F/Development/Javascript/escape/src/layouts/LandingLayout.jsx","statementMap":{"0":{"start":{"line":7,"column":22},"end":{"line":19,"column":null}},"1":{"start":{"line":8,"column":2},"end":{"line":17,"column":null}}},"fnMap":{"0":{"name":"(anonymous_0)","decl":{"start":{"line":7,"column":22},"end":{"line":7,"column":28}},"loc":{"start":{"line":7,"column":28},"end":{"line":19,"column":null}}}},"branchMap":{},"s":{"0":1,"1":2},"f":{"0":2},"b":{}}
}
